  main.cpp
C:\Users\finne\OneDrive\Documents\GitHub\PA9_Cat_Apocalypse\PA9_Cat_Apocalypse\Character.hpp(35,30): warning C4244: 'return': conversion from 'T' to 'int', possible loss of data
C:\Users\finne\OneDrive\Documents\GitHub\PA9_Cat_Apocalypse\PA9_Cat_Apocalypse\Character.hpp(35,30): warning C4244:         with
C:\Users\finne\OneDrive\Documents\GitHub\PA9_Cat_Apocalypse\PA9_Cat_Apocalypse\Character.hpp(35,30): warning C4244:         [
C:\Users\finne\OneDrive\Documents\GitHub\PA9_Cat_Apocalypse\PA9_Cat_Apocalypse\Character.hpp(35,30): warning C4244:             T=float
C:\Users\finne\OneDrive\Documents\GitHub\PA9_Cat_Apocalypse\PA9_Cat_Apocalypse\Character.hpp(35,30): warning C4244:         ]
  (compiling source file 'main.cpp')
  
C:\Users\finne\OneDrive\Documents\GitHub\PA9_Cat_Apocalypse\PA9_Cat_Apocalypse\Character.hpp(39,30): warning C4244: 'return': conversion from 'T' to 'int', possible loss of data
C:\Users\finne\OneDrive\Documents\GitHub\PA9_Cat_Apocalypse\PA9_Cat_Apocalypse\Character.hpp(39,30): warning C4244:         with
C:\Users\finne\OneDrive\Documents\GitHub\PA9_Cat_Apocalypse\PA9_Cat_Apocalypse\Character.hpp(39,30): warning C4244:         [
C:\Users\finne\OneDrive\Documents\GitHub\PA9_Cat_Apocalypse\PA9_Cat_Apocalypse\Character.hpp(39,30): warning C4244:             T=float
C:\Users\finne\OneDrive\Documents\GitHub\PA9_Cat_Apocalypse\PA9_Cat_Apocalypse\Character.hpp(39,30): warning C4244:         ]
  (compiling source file 'main.cpp')
  
C:\Users\finne\OneDrive\Documents\GitHub\PA9_Cat_Apocalypse\PA9_Cat_Apocalypse\main.cpp(11,20): warning C4834: discarding return value of function with [[nodiscard]] attribute
  Generating code
  3 of 301 functions ( 1.0%) were compiled, the rest were copied from previous compilation.
    2 functions were new in current compilation
    0 functions had inline decision re-evaluated but remain unchanged
  Finished generating code
  PA9_Cat_Apocalypse.vcxproj -> C:\Users\finne\OneDrive\Documents\GitHub\PA9_Cat_Apocalypse\PA9_Cat_Apocalypse\x64\Release\PA9_Cat_Apocalypse.exe
